# JRE version: Java(TM) SE Runtime Environment (8.0_151-b12) (build 1.8.0_151-b12)
# Java VM: Java HotSpot(TM) 64-Bit Server VM (25.151-b12 mixed mode bsd-amd64 compressed oops)
Heap:
 PSYoungGen      total 3584K, used 633K [0x0000000795580000, 0x0000000795a80000, 0x00000007c0000000)
  eden space 2048K, 30% used [0x0000000795580000,0x000000079561e698,0x0000000795780000)
  from space 1536K, 0% used [0x0000000795780000,0x0000000795780000,0x0000000795900000)
  to   space 1536K, 0% used [0x0000000795900000,0x0000000795900000,0x0000000795a80000)
 ParOldGen       total 12800K, used 9019K [0x0000000740000000, 0x0000000740c80000, 0x0000000795580000)
  object space 12800K, 70% used [0x0000000740000000,0x00000007408cef48,0x0000000740c80000)
 Metaspace       used 14652K, capacity 15036K, committed 15360K, reserved 1062912K
  class space    used 1900K, capacity 2022K, committed 2048K, reserved 1048576K
GC Heap History (10 events):
Event: 22.312 GC heap before
{Heap before GC invocations=22 (full 2):
 PSYoungGen      total 3584K, used 2875K [0x0000000795580000, 0x0000000795a80000, 0x00000007c0000000)
  eden space 2048K, 100% used [0x0000000795580000,0x0000000795780000,0x0000000795780000)
  from space 1536K, 53% used [0x0000000795780000,0x000000079584ec00,0x0000000795900000)
  to   space 1536K, 0% used [0x0000000795900000,0x0000000795900000,0x0000000795a80000)
 ParOldGen       total 11264K, used 7751K [0x0000000740000000, 0x0000000740b00000, 0x0000000795580000)
  object space 11264K, 68% used [0x0000000740000000,0x0000000740791e90,0x0000000740b00000)
 Metaspace       used 13873K, capacity 14234K, committed 14464K, reserved 1062912K
  class space    used 1795K, capacity 1909K, committed 1920K, reserved 1048576K
Event: 22.313 GC heap after
Heap after GC invocations=22 (full 2):
 PSYoungGen      total 3584K, used 641K [0x0000000795580000, 0x0000000795a80000, 0x00000007c0000000)
  eden space 2048K, 0% used [0x0000000795580000,0x0000000795580000,0x0000000795780000)
  from space 1536K, 41% used [0x0000000795900000,0x00000007959a0400,0x0000000795a80000)
  to   space 1536K, 0% used [0x0000000795780000,0x0000000795780000,0x0000000795900000)
 ParOldGen       total 11264K, used 8663K [0x0000000740000000, 0x0000000740b00000, 0x0000000795580000)
  object space 11264K, 76% used [0x0000000740000000,0x0000000740875e90,0x0000000740b00000)
 Metaspace       used 13873K, capacity 14234K, committed 14464K, reserved 1062912K
  class space    used 1795K, capacity 1909K, committed 1920K, reserved 1048576K
}
Event: 23.121 GC heap before
{Heap before GC invocations=23 (full 2):
 PSYoungGen      total 3584K, used 2689K [0x0000000795580000, 0x0000000795a80000, 0x00000007c0000000)
  eden space 2048K, 100% used [0x0000000795580000,0x0000000795780000,0x0000000795780000)
  from space 1536K, 41% used [0x0000000795900000,0x00000007959a0400,0x0000000795a80000)
  to   space 1536K, 0% used [0x0000000795780000,0x0000000795780000,0x0000000795900000)
 ParOldGen       total 11264K, used 8663K [0x0000000740000000, 0x0000000740b00000, 0x0000000795580000)
  object space 11264K, 76% used [0x0000000740000000,0x0000000740875e90,0x0000000740b00000)
 Metaspace       used 13912K, capacity 14298K, committed 14464K, reserved 1062912K
  class space    used 1795K, capacity 1909K, committed 1920K, reserved 1048576K
Event: 23.123 GC heap after
Heap after GC invocations=23 (full 2):
 PSYoungGen      total 3584K, used 618K [0x0000000795580000, 0x0000000795a80000, 0x00000007c0000000)
  eden space 2048K, 0% used [0x0000000795580000,0x0000000795580000,0x0000000795780000)
  from space 1536K, 40% used [0x0000000795780000,0x000000079581aa00,0x0000000795900000)
  to   space 1536K, 0% used [0x0000000795900000,0x0000000795900000,0x0000000795a80000)
 ParOldGen       total 11264K, used 9295K [0x0000000740000000, 0x0000000740b00000, 0x0000000795580000)
  object space 11264K, 82% used [0x0000000740000000,0x0000000740913c90,0x0000000740b00000)
 Metaspace       used 13912K, capacity 14298K, committed 14464K, reserved 1062912K
  class space    used 1795K, capacity 1909K, committed 1920K, reserved 1048576K
}
Event: 25.121 GC heap before
{Heap before GC invocations=24 (full 2):
 PSYoungGen      total 3584K, used 2666K [0x0000000795580000, 0x0000000795a80000, 0x00000007c0000000)
  eden space 2048K, 100% used [0x0000000795580000,0x0000000795780000,0x0000000795780000)
  from space 1536K, 40% used [0x0000000795780000,0x000000079581aa00,0x0000000795900000)
  to   space 1536K, 0% used [0x0000000795900000,0x0000000795900000,0x0000000795a80000)
 ParOldGen       total 11264K, used 9295K [0x0000000740000000, 0x0000000740b00000, 0x0000000795580000)
  object space 11264K, 82% used [0x0000000740000000,0x0000000740913c90,0x0000000740b00000)
 Metaspace       used 13952K, capacity 14306K, committed 14464K, reserved 1062912K
  class space    used 1795K, capacity 1909K, committed 1920K, reserved 1048576K
Event: 25.122 GC heap after
Heap after GC invocations=24 (full 2):
 PSYoungGen      total 3584K, used 479K [0x0000000795580000, 0x0000000795a80000, 0x00000007c0000000)
  eden space 2048K, 0% used [0x0000000795580000,0x0000000795580000,0x0000000795780000)
  from space 1536K, 31% used [0x0000000795900000,0x0000000795977ef0,0x0000000795a80000)
  to   space 1536K, 0% used [0x0000000795780000,0x0000000795780000,0x0000000795900000)
 ParOldGen       total 11264K, used 9825K [0x0000000740000000, 0x0000000740b00000, 0x0000000795580000)
  object space 11264K, 87% used [0x0000000740000000,0x0000000740998690,0x0000000740b00000)
 Metaspace       used 13952K, capacity 14306K, committed 14464K, reserved 1062912K
  class space    used 1795K, capacity 1909K, committed 1920K, reserved 1048576K
}
Event: 28.463 GC heap before
{Heap before GC invocations=25 (full 2):
 PSYoungGen      total 3584K, used 2527K [0x0000000795580000, 0x0000000795a80000, 0x00000007c0000000)
  eden space 2048K, 100% used [0x0000000795580000,0x0000000795780000,0x0000000795780000)
  from space 1536K, 31% used [0x0000000795900000,0x0000000795977ef0,0x0000000795a80000)
  to   space 1536K, 0% used [0x0000000795780000,0x0000000795780000,0x0000000795900000)
 ParOldGen       total 11264K, used 9825K [0x0000000740000000, 0x0000000740b00000, 0x0000000795580000)
  object space 11264K, 87% used [0x0000000740000000,0x0000000740998690,0x0000000740b00000)
 Metaspace       used 14036K, capacity 14402K, committed 14592K, reserved 1062912K
  class space    used 1802K, capacity 1941K, committed 2048K, reserved 1048576K
Event: 28.464 GC heap after
Heap after GC invocations=25 (full 2):
 PSYoungGen      total 3584K, used 160K [0x0000000795580000, 0x0000000795a80000, 0x00000007c0000000)
  eden space 2048K, 0% used [0x0000000795580000,0x0000000795580000,0x0000000795780000)
  from space 1536K, 10% used [0x0000000795780000,0x00000007957a8000,0x0000000795900000)
  to   space 1536K, 0% used [0x0000000795900000,0x0000000795900000,0x0000000795a80000)
 ParOldGen       total 11264K, used 10334K [0x0000000740000000, 0x0000000740b00000, 0x0000000795580000)
  object space 11264K, 91% used [0x0000000740000000,0x0000000740a17980,0x0000000740b00000)
 Metaspace       used 14036K, capacity 14402K, committed 14592K, reserved 1062912K
  class space    used 1802K, capacity 1941K, committed 2048K, reserved 1048576K
}
Event: 28.464 GC heap before
{Heap before GC invocations=26 (full 3):
 PSYoungGen      total 3584K, used 160K [0x0000000795580000, 0x0000000795a80000, 0x00000007c0000000)
  eden space 2048K, 0% used [0x0000000795580000,0x0000000795580000,0x0000000795780000)
  from space 1536K, 10% used [0x0000000795780000,0x00000007957a8000,0x0000000795900000)
  to   space 1536K, 0% used [0x0000000795900000,0x0000000795900000,0x0000000795a80000)
 ParOldGen       total 11264K, used 10334K [0x0000000740000000, 0x0000000740b00000, 0x0000000795580000)
  object space 11264K, 91% used [0x0000000740000000,0x0000000740a17980,0x0000000740b00000)
 Metaspace       used 14036K, capacity 14402K, committed 14592K, reserved 1062912K
  class space    used 1802K, capacity 1941K, committed 2048K, reserved 1048576K
Event: 28.513 GC heap after
Heap after GC invocations=26 (full 3):
 PSYoungGen      total 3584K, used 0K [0x0000000795580000, 0x0000000795a80000, 0x00000007c0000000)
  eden space 2048K, 0% used [0x0000000795580000,0x0000000795580000,0x0000000795780000)
  from space 1536K, 0% used [0x0000000795780000,0x0000000795780000,0x0000000795900000)
  to   space 1536K, 0% used [0x0000000795900000,0x0000000795900000,0x0000000795a80000)
 ParOldGen       total 12800K, used 9019K [0x0000000740000000, 0x0000000740c80000, 0x0000000795580000)
  object space 12800K, 70% used [0x0000000740000000,0x00000007408cef48,0x0000000740c80000)
 Metaspace       used 14036K, capacity 14402K, committed 14592K, reserved 1062912K
  class space    used 1802K, capacity 1941K, committed 2048K, reserved 1048576K
}

